[advanture.icu/betfin/index.html]
[advanture.icu/betfin/xmlrpc.php]
[backblue.gif]
[fade.gif]
[index.html]
[advanture.icu/betfin/wp-content/plugins/jeg-elementor-kit/assets/css/elements/main61da.css]
[advanture.icu/betfin/feed/index.html]
[advanture.icu/betfin/comments/feed/index.html]
[advanture.icu/betfin/wp-includes/css/classic-themes.min0757.css]
[advanture.icu/betfin/wp-content/plugins/template-kit-export/public/assets/css/template-kit-export-public.min365c.css]
[advanture.icu/betfin/wp-includes/css/dist/block-library/style.min0757.css]
[advanture.icu/betfin/wp-content/plugins/header-footer-elementor/assets/css/header-footer-elementor378f.css]
[advanture.icu/betfin/wp-content/plugins/elementor/assets/lib/eicons/css/elementor-icons.min192d.css]
[advanture.icu/betfin/wp-content/plugins/elementor/assets/lib/swiper/v8/css/swiper.min94a4.css]
[advanture.icu/betfin/wp-content/plugins/elementor/assets/css/frontend-lite.min8864.css]
[advanture.icu/betfin/wp-content/uploads/sites/41/elementor/css/post-206097f1.css]
[advanture.icu/betfin/wp-content/uploads/sites/41/elementor/css/post-61b755.css]
[advanture.icu/betfin/wp-content/plugins/header-footer-elementor/inc/widgets-css/frontend378f.css]
[advanture.icu/betfin/wp-content/plugins/elementor/assets/lib/font-awesome/css/v4-shims.min8864.css]
[advanture.icu/betfin/wp-content/plugins/elementor/assets/lib/font-awesome/css/all.min8864.css]
[advanture.icu/betfin/wp-content/uploads/sites/41/elementor/css/post-566b755.css]
[advanture.icu/betfin/wp-content/uploads/sites/41/elementor/css/post-598b755.css]
[advanture.icu/betfin/wp-content/plugins/metform/public/assets/css/text-editor3fd0.css]
[advanture.icu/betfin/wp-content/themes/hello-elementor/style.min1102.css]
[advanture.icu/betfin/wp-content/themes/hello-elementor/theme.min1102.css]
[advanture.icu/betfin/wp-content/plugins/elementskit-lite/widgets/init/assets/css/responsive459e.css]
[advanture.icu/betfin/wp-content/plugins/elementskit-lite/modules/elementskit-icon-pack/assets/css/ekiticons459e.css]
[advanture.icu/betfin/wp-content/plugins/elementor/assets/lib/font-awesome/css/fontawesome.min52d5.css]
[advanture.icu/betfin/wp-content/plugins/elementor/assets/lib/font-awesome/css/solid.min52d5.css]
[advanture.icu/betfin/wp-content/plugins/jeg-elementor-kit/assets/fonts/jkiticon/jkiticon61da.css]
[advanture.icu/betfin/wp-content/plugins/elementor/assets/lib/font-awesome/css/brands.min52d5.css]
[advanture.icu/betfin/wp-content/plugins/elementor/assets/lib/font-awesome/css/regular.min52d5.css]
[advanture.icu/betfin/wp-includes/js/jquery/jquery.min5aed.js]
[advanture.icu/betfin/wp-includes/js/jquery/jquery-migrate.min6b00.js]
[advanture.icu/betfin/wp-content/plugins/template-kit-export/public/assets/js/template-kit-export-public.min365c.js]
[advanture.icu/betfin/wp-content/plugins/elementor/assets/lib/font-awesome/js/v4-shims.min8864.js]
[advanture.icu/betfin/wp-content/plugins/elementskit-lite/widgets/init/assets/css/widget-styles459e.css]
[advanture.icu/betfin/wp-json/index.html]
[advanture.icu/betfin/xmlrpc0db0.php]
[advanture.icu/betfin/wp-includes/wlwmanifest.xml]
[advanture.icu/betfin/wp-json/oembed/1.0/embed1e05.json]
[advanture.icu/betfin/wp-json/oembed/1.0/embed1188]
[advanture.icu/betfin/wp-content/uploads/sites/41/2023/09/BetFin-Site-Logo.png]
[advanture.icu/betfin/wp-content/plugins/elementor/assets/css/widget-icon-list.min.css]
[advanture.icu/betfin/wp-json/wp/v2/pages/61.json]
[advanture.icu/betfin/about/index.html]
[advanture.icu/betfin/wp-content/plugins/elementor/assets/css/widget-icon-box.min.css]
[advanture.icu/betfin/service/index.html]
[advanture.icu/betfin/wp-content/uploads/sites/41/2023/09/Ornament-1024x1024.png]
[advanture.icu/betfin/pricing/index.html]
[advanture.icu/betfin/project/index.html]
[advanture.icu/betfin/team/index.html]
[advanture.icu/betfin/wp-content/uploads/sites/41/2023/09/Vector.png]
[advanture.icu/betfin/404-2/index.html]
[advanture.icu/betfin/wp-content/uploads/sites/41/2023/09/BG04-1.png]
[advanture.icu/betfin/2023/04/08/how-to-conduct-a-comprehensive-seo-audit-for-your-website/index.html]
[advanture.icu/betfin/wp-content/uploads/sites/41/2023/06/Target.png]
[advanture.icu/betfin/faq/index.html]
[advanture.icu/betfin/wp-content/uploads/sites/41/2023/09/Logo-6.png]
[advanture.icu/betfin/blog/index.html]
[advanture.icu/betfin/wp-content/uploads/sites/41/2023/06/Blog-Image01-1024x640.jpg]
[advanture.icu/betfin/contact/index.html]
[advanture.icu/betfin/service-details/index.html]
[advanture.icu/betfin/wp-content/uploads/sites/41/2023/09/award-04.png]
[advanture.icu/betfin/wp-content/uploads/sites/41/2023/09/award-05.png]
[advanture.icu/betfin/wp-content/uploads/sites/41/2023/09/State-Big-1024x289.png]
[advanture.icu/betfin/wp-content/uploads/sites/41/2023/06/Blog-Image05-1024x640.jpg]
[advanture.icu/betfin/wp-content/uploads/sites/41/2023/06/Blog-Image01.jpg]
[advanture.icu/betfin/wp-content/uploads/sites/41/2023/06/Blog-Image02.jpg]
[advanture.icu/betfin/wp-content/uploads/sites/41/2023/06/Blog-Image03.jpg]
[advanture.icu/betfin/wp-content/uploads/sites/41/2023/09/Company-Logo-4.png]
[advanture.icu/betfin/wp-content/uploads/sites/41/2023/09/Company-Logo-1.png]
[advanture.icu/betfin/wp-content/uploads/sites/41/2023/09/Company-Logo-2.png]
[advanture.icu/betfin/wp-content/uploads/sites/41/2023/09/Company-Logo-5.png]
[advanture.icu/betfin/wp-content/uploads/sites/41/2023/09/Company-Logo-6.png]
[advanture.icu/betfin/wp-content/uploads/sites/41/2023/09/Company-Logo-7.png]
[advanture.icu/betfin/wp-content/uploads/sites/41/2023/09/Company-Logo.png]
[advanture.icu/betfin/wp-content/uploads/sites/41/2023/09/Company-Logo-8.png]
[advanture.icu/betfin/wp-content/uploads/sites/41/2023/09/Map-1024x483.png]
[advanture.icu/betfin/wp-content/uploads/sites/41/2023/06/clientIMG02.jpg]
[advanture.icu/betfin/wp-content/uploads/sites/41/2023/06/clientIMG01.jpg]
[advanture.icu/betfin/wp-content/uploads/sites/41/2023/06/clientIMG03.jpg]
[advanture.icu/betfin/wp-content/uploads/sites/41/2023/09/Testimonials.png]
[advanture.icu/betfin/wp-content/uploads/sites/41/2023/06/Blog-Image06-768x480.jpg]
[advanture.icu/betfin/wp-content/uploads/sites/41/2023/06/Blog-Image05-768x480.jpg]
[advanture.icu/betfin/2023/04/08/the-benefits-of-hiring-a-professional-seo-agency-for-your-business/index.html]
[advanture.icu/betfin/wp-content/uploads/sites/41/2023/06/Blog-Image04-768x480.jpg]
[advanture.icu/betfin/wp-content/uploads/sites/41/2023/04/Dark-Logo.png]
[advanture.icu/betfin/2023/04/08/the-top-seo-tools-every-marketer-should-use-in-2023/index.html]
[advanture.icu/betfin/wp-content/uploads/sites/41/elementor/css/post-4824085.css]
[advanture.icu/betfin/wp-content/plugins/metform/public/assets/css/metform-ui3fd0.css]
[advanture.icu/betfin/wp-content/plugins/metform/public/assets/css/style3fd0.css]
[advanture.icu/betfin/wp-content/plugins/elementor/assets/lib/animations/animations.min8864.css]
[advanture.icu/betfin/wp-content/themes/hello-elementor/assets/js/hello-frontend.min8a54.js]
[advanture.icu/betfin/wp-content/plugins/elementskit-lite/libs/framework/assets/js/frontend-script459e.js]
[advanture.icu/betfin/wp-content/plugins/elementskit-lite/widgets/init/assets/js/widget-scripts459e.js]
[advanture.icu/betfin/wp-content/plugins/elementor/assets/js/webpack.runtime.min8864.js]
[advanture.icu/betfin/wp-content/plugins/elementor/assets/js/frontend-modules.min8864.js]
[advanture.icu/betfin/wp-content/plugins/elementor/assets/lib/waypoints/waypoints.min05da.js]
[advanture.icu/betfin/wp-includes/js/jquery/ui/core.min3f14.js]
[advanture.icu/betfin/wp-content/plugins/elementor/assets/js/frontend.min8864.js]
[advanture.icu/betfin/wp-content/plugins/jeg-elementor-kit/assets/js/elements/sticky-element61da.js]
[advanture.icu/betfin/indexe2f2.html]
[advanture.icu/betfin/wp-content/plugins/jeg-elementor-kit/assets/js/elements/nav-menu61da.js]
[advanture.icu/betfin/wp-content/plugins/jeg-elementor-kit/assets/js/elements/fun-fact61da.js]
[advanture.icu/betfin/wp-content/plugins/jeg-elementor-kit/assets/js/elements/post-pagination61da.js]
[advanture.icu/betfin/wp-content/plugins/metform/public/assets/js/htm3fd0.js]
[advanture.icu/betfin/wp-includes/js/dist/vendor/wp-polyfill-inert.min0226.js]
[advanture.icu/betfin/wp-includes/js/dist/vendor/regenerator-runtime.min8fa4.js]
[advanture.icu/betfin/wp-includes/js/dist/vendor/wp-polyfill.min2c7c.js]
[advanture.icu/betfin/wp-includes/js/dist/vendor/react.min7a3b.js]
[advanture.icu/betfin/wp-includes/js/dist/escape-html.min0311.js]
[advanture.icu/betfin/wp-includes/js/dist/vendor/react-dom.min7a3b.js]
[advanture.icu/betfin/wp-includes/js/dist/element.mind52e.js]
[advanture.icu/betfin/wp-content/plugins/elementskit-lite/widgets/init/assets/js/animate-circle.min459e.js]
[advanture.icu/betfin/index.html]
[advanture.icu/betfin/xmlrpc.php]
[advanture.icu/betfin/wp-content/plugins/elementskit-lite/widgets/init/assets/js/elementor459e.js]
[advanture.icu/betfin/wp-content/plugins/metform/public/assets/js/app3fd0.js]
[advanture.icu/betfin/wp-content/plugins/jeg-elementor-kit/assets/img/letter-x.svg]
[advanture.icu/betfin/wp-content/plugins/jeg-elementor-kit/assets/css/elements/main61da.css]
[advanture.icu/betfin/wp-includes/css/dist/block-library/style.min0757.css]
[advanture.icu/betfin/wp-includes/css/classic-themes.min0757.css]
[advanture.icu/betfin/wp-content/plugins/template-kit-export/public/assets/css/template-kit-export-public.min365c.css]
[advanture.icu/betfin/wp-content/plugins/header-footer-elementor/assets/css/header-footer-elementor378f.css]
[advanture.icu/betfin/wp-content/plugins/elementor/assets/lib/eicons/fonts/eicons9506.woff2]
[advanture.icu/betfin/wp-content/plugins/elementor/assets/lib/eicons/fonts/eicons9506.eot]
[advanture.icu/betfin/wp-content/plugins/elementor/assets/lib/eicons/fonts/eicons9506.woff]
[advanture.icu/betfin/wp-content/plugins/elementor/assets/lib/eicons/css/elementor-icons.min192d.css]
[advanture.icu/betfin/wp-content/plugins/elementor/assets/css/frontend-lite.min8864.css]
[advanture.icu/betfin/wp-content/plugins/elementor/assets/lib/swiper/v8/css/swiper.min94a4.css]
[advanture.icu/betfin/wp-content/uploads/sites/41/elementor/css/post-206097f1.css]
[advanture.icu/betfin/wp-content/plugins/elementor/assets/lib/eicons/fonts/eicons9506.svg]
[advanture.icu/betfin/wp-content/plugins/elementor/assets/lib/eicons/fonts/eicons9506.ttf]
[advanture.icu/betfin/wp-content/uploads/sites/41/2023/09/Geomtry-Background.png]
[advanture.icu/betfin/wp-content/uploads/sites/41/elementor/css/post-61b755.css]
[advanture.icu/betfin/wp-content/plugins/header-footer-elementor/inc/widgets-css/frontend378f.css]
[advanture.icu/betfin/wp-content/plugins/elementor/assets/lib/font-awesome/webfonts/fa-brands-400.woff2]
[advanture.icu/betfin/wp-content/plugins/elementor/assets/lib/font-awesome/webfonts/fa-brands-400.ttf]
[advanture.icu/betfin/wp-content/plugins/elementor/assets/lib/font-awesome/webfonts/fa-regular-400.woff2]
[advanture.icu/betfin/wp-content/plugins/elementor/assets/lib/font-awesome/webfonts/fa-regular-400.woff]
[advanture.icu/betfin/wp-content/plugins/elementor/assets/lib/font-awesome/webfonts/fa-regular-400.ttf]
[advanture.icu/betfin/wp-content/plugins/elementor/assets/lib/font-awesome/webfonts/fa-regular-400.svg]
[advanture.icu/betfin/wp-content/plugins/elementor/assets/lib/font-awesome/webfonts/fa-solid-900.eot]
[advanture.icu/betfin/wp-content/plugins/elementor/assets/lib/font-awesome/webfonts/fa-solid-900d41d.eot]
[advanture.icu/betfin/wp-content/plugins/elementor/assets/lib/font-awesome/webfonts/fa-solid-900.woff2]
[advanture.icu/betfin/wp-content/plugins/elementor/assets/lib/font-awesome/webfonts/fa-solid-900.woff]
[advanture.icu/betfin/wp-content/plugins/elementor/assets/lib/font-awesome/css/all.min8864.css]
[advanture.icu/betfin/wp-content/plugins/elementor/assets/lib/font-awesome/css/v4-shims.min8864.css]
[advanture.icu/betfin/wp-content/uploads/sites/41/elementor/css/post-566b755.css]
[advanture.icu/betfin/wp-content/uploads/sites/41/2023/09/Ornament.png]
[advanture.icu/betfin/wp-content/plugins/elementor/assets/lib/font-awesome/webfonts/fa-solid-900.ttf]
[advanture.icu/betfin/wp-content/uploads/sites/41/elementor/css/post-598b755.css]
[advanture.icu/betfin/wp-content/plugins/metform/public/assets/css/text-editor3fd0.css]
[advanture.icu/betfin/wp-content/themes/hello-elementor/style.min1102.css]
[advanture.icu/betfin/wp-content/themes/hello-elementor/theme.min1102.css]
[advanture.icu/betfin/wp-content/plugins/elementskit-lite/modules/elementskit-icon-pack/assets/fonts/elementskit97ac.woff]
[advanture.icu/betfin/wp-content/plugins/elementskit-lite/modules/elementskit-icon-pack/assets/css/ekiticons459e.css]
[advanture.icu/betfin/wp-content/plugins/elementor/assets/lib/font-awesome/webfonts/fa-solid-900.svg]
[advanture.icu/betfin/wp-content/plugins/elementskit-lite/widgets/init/assets/img/arrow.png]
[advanture.icu/betfin/wp-content/plugins/elementskit-lite/widgets/init/assets/img/sort_asc.png]
[advanture.icu/betfin/wp-content/plugins/elementskit-lite/widgets/init/assets/img/sort_desc.png]
[advanture.icu/betfin/wp-content/plugins/elementskit-lite/widgets/init/assets/img/sort_asc_disabled.png]
[advanture.icu/betfin/wp-content/plugins/elementskit-lite/widgets/init/assets/img/cross-out.svg]
[advanture.icu/betfin/wp-content/plugins/elementskit-lite/widgets/init/assets/css/widget-styles459e.css]
[advanture.icu/betfin/wp-content/plugins/elementskit-lite/widgets/init/assets/css/responsive459e.css]
[advanture.icu/betfin/wp-content/plugins/elementor/assets/lib/font-awesome/css/fontawesome.min52d5.css]
[advanture.icu/betfin/wp-content/plugins/elementor/assets/lib/font-awesome/css/solid.min52d5.css]
[advanture.icu/betfin/wp-content/plugins/jeg-elementor-kit/assets/fonts/jkiticon/jkiticon7107.woff2]
[advanture.icu/betfin/wp-content/plugins/jeg-elementor-kit/assets/fonts/jkiticon/jkiticon7107.woff]
[advanture.icu/betfin/wp-content/plugins/elementor/assets/lib/font-awesome/webfonts/fa-brands-400.svg]
[advanture.icu/betfin/wp-content/plugins/jeg-elementor-kit/assets/fonts/jkiticon/jkiticon7107.ttf]
[advanture.icu/betfin/wp-content/plugins/jeg-elementor-kit/assets/fonts/jkiticon/jkiticon61da.css]
[advanture.icu/betfin/wp-content/plugins/elementor/assets/lib/font-awesome/css/brands.min52d5.css]
[advanture.icu/betfin/wp-content/plugins/elementor/assets/lib/font-awesome/css/regular.min52d5.css]
[advanture.icu/betfin/wp-content/uploads/sites/41/elementor/css/post-1262d5b6.css]
[advanture.icu/betfin/wp-content/plugins/jeg-elementor-kit/assets/fonts/jkiticon/jkiticon7107.eot]
[advanture.icu/betfin/wp-json/wp/v2/pages/1262.json]
[advanture.icu/betfin/wp-json/oembed/1.0/embed95f7.json]
[advanture.icu/betfin/wp-json/oembed/1.0/embed0f67]
[advanture.icu/betfin/wp-content/uploads/sites/41/2023/06/businessman-2022-12-15-22-13-41-utc-1-768x1024.jpg]
[advanture.icu/betfin/wp-content/uploads/sites/41/2023/06/business-woman-portrait-2022-12-15-22-18-09-utc-2-1-768x1024.jpg]
[advanture.icu/betfin/wp-content/uploads/sites/41/2023/06/businessman-2022-12-15-22-44-30-utc-1-1-768x1024.jpg]
[advanture.icu/fifty/wp-content/uploads/sites/20/2023/04/business-man-2022-12-15-20-51-02-utc-1.jpg]
[advanture.icu/betfin/about/index.html]
[advanture.icu/betfin/wp-content/uploads/sites/41/elementor/css/post-12697d56.css]
[advanture.icu/betfin/wp-json/wp/v2/pages/1269.json]
[advanture.icu/betfin/wp-json/oembed/1.0/embed5079.json]
[advanture.icu/betfin/service/index.html]
[advanture.icu/betfin/wp-json/oembed/1.0/embeddc03]
[advanture.icu/betfin/wp-content/uploads/sites/41/elementor/css/post-1270549e.css]
[advanture.icu/betfin/wp-json/wp/v2/pages/1270.json]
[advanture.icu/betfin/wp-json/oembed/1.0/embed50cd.json]
[advanture.icu/betfin/wp-json/oembed/1.0/embedcb6d]
[advanture.icu/betfin/service-details/index.html]
[advanture.icu/betfin/wp-content/uploads/sites/41/elementor/css/post-1503a5.css]
[advanture.icu/betfin/wp-json/oembed/1.0/embed0592.json]
[advanture.icu/betfin/wp-json/wp/v2/pages/15.json]
[advanture.icu/betfin/wp-json/oembed/1.0/embed0a9f]
[advanture.icu/betfin/pricing/index.html]
[advanture.icu/betfin/wp-content/uploads/sites/41/elementor/css/post-21431c.css]
[advanture.icu/betfin/wp-json/wp/v2/pages/21.json]
[advanture.icu/betfin/wp-json/oembed/1.0/embedf591.json]
[advanture.icu/betfin/wp-json/oembed/1.0/embed4c7f]
[advanture.icu/betfin/wp-content/uploads/sites/41/2023/06/Blog-Image03-1024x640.jpg]
[advanture.icu/betfin/wp-content/uploads/sites/41/2023/06/Blog-Image04-1024x640.jpg]
[advanture.icu/betfin/wp-content/uploads/sites/41/2023/06/Blog-Image02-768x480.jpg]
[advanture.icu/betfin/project/index.html]
[advanture.icu/betfin/wp-content/uploads/sites/41/elementor/css/post-879e1b5.css]
[advanture.icu/betfin/wp-json/wp/v2/pages/879.json]
[advanture.icu/betfin/wp-json/oembed/1.0/embedf01d.json]
[advanture.icu/betfin/wp-json/oembed/1.0/embed9cfe]
[advanture.icu/betfin/wp-content/uploads/sites/41/2023/06/clientIMG02-768x768.jpg]
[advanture.icu/betfin/wp-content/uploads/sites/41/2023/06/clientIMG03-768x768.jpg]
[advanture.icu/betfin/wp-content/uploads/sites/41/2023/06/clientIMG01-768x768.jpg]
[advanture.icu/betfin/wp-content/uploads/sites/41/2023/06/business-man-2022-12-15-20-51-02-utc-1-768x1024.jpg]
[advanture.icu/betfin/team/index.html]
[advanture.icu/betfin/wp-content/uploads/sites/41/elementor/css/post-30ad3e.css]
[advanture.icu/betfin/wp-json/wp/v2/pages/30.json]
[advanture.icu/betfin/wp-json/oembed/1.0/embedda66.json]
[advanture.icu/betfin/wp-json/oembed/1.0/embedc598]
[advanture.icu/betfin/404-2/index.html]
[advanture.icu/betfin/wp-content/uploads/sites/41/elementor/css/post-6616089.css]
[advanture.icu/betfin/2023/04/08/how-to-conduct-a-comprehensive-seo-audit-for-your-website/feed/index.html]
[advanture.icu/betfin/wp-json/wp/v2/posts/661.json]
[advanture.icu/betfin/wp-json/oembed/1.0/embed2c48.json]
[advanture.icu/betfin/wp-json/oembed/1.0/embed6ba1]
[advanture.icu/betfin/wp-content/uploads/sites/41/2023/06/Blog-Image05.jpg]
[advanture.icu/betfin/2023/04/08/how-to-conduct-a-comprehensive-seo-audit-for-your-website/index.html]
[advanture.icu/betfin/wp-includes/js/comment-reply.min0757.js]
[advanture.icu/betfin/wp-content/uploads/sites/41/elementor/css/post-32e95e.css]
[advanture.icu/betfin/wp-json/wp/v2/pages/32.json]
[advanture.icu/betfin/wp-json/oembed/1.0/embedd817.json]
[advanture.icu/betfin/wp-json/oembed/1.0/embed4f4d]
[advanture.icu/betfin/faq/index.html]
[advanture.icu/betfin/wp-content/uploads/sites/41/elementor/css/post-28c026.css]
[advanture.icu/betfin/wp-json/wp/v2/pages/28.json]
[advanture.icu/betfin/wp-json/oembed/1.0/embed783a.json]
[advanture.icu/betfin/wp-json/oembed/1.0/embed59da]
[advanture.icu/betfin/wp-content/uploads/sites/41/2023/06/Blog-Image03-768x480.jpg]
[advanture.icu/betfin/wp-content/uploads/sites/41/2023/06/Blog-Image01-768x480.jpg]
[advanture.icu/betfin/blog/index.html]
[advanture.icu/betfin/2023/04/08/the-future-of-seo-what-to-expect-in-2023-and-beyond/index.html]
[advanture.icu/betfin/2023/04/08/the-importance-of-local-seo-for-small-businesses/index.html]
[advanture.icu/betfin/wp-content/uploads/sites/41/elementor/css/post-261b8e.css]
[advanture.icu/betfin/2023/04/08/10-easy-seo-tips-to-improve-your-websites-ranking/index.html]
[advanture.icu/betfin/wp-json/wp/v2/pages/26.json]
[advanture.icu/betfin/wp-json/oembed/1.0/embed5a56.json]
[advanture.icu/betfin/wp-json/oembed/1.0/embed9c14]
[advanture.icu/betfin/wp-content/uploads/sites/41/elementor/css/post-8383775.css]
[advanture.icu/betfin/contact/index.html]
[advanture.icu/betfin/wp-content/plugins/elementor/assets/css/widget-icon-list.min.css]
[advanture.icu/betfin/wp-content/plugins/elementor/assets/css/widget-icon-box.min.css]
[advanture.icu/betfin/wp-json/wp/v2/posts/663.json]
[advanture.icu/betfin/2023/04/08/the-benefits-of-hiring-a-professional-seo-agency-for-your-business/feed/index.html]
[advanture.icu/betfin/wp-json/oembed/1.0/embedb76e.json]
[advanture.icu/betfin/wp-json/oembed/1.0/embed00ef]
[advanture.icu/betfin/2023/04/08/the-benefits-of-hiring-a-professional-seo-agency-for-your-business/index.html]
[advanture.icu/betfin/wp-json/wp/v2/posts/659.json]
[advanture.icu/betfin/2023/04/08/the-top-seo-tools-every-marketer-should-use-in-2023/feed/index.html]
[advanture.icu/betfin/wp-json/oembed/1.0/embed5d79.json]
[advanture.icu/betfin/2023/04/08/the-top-seo-tools-every-marketer-should-use-in-2023/index.html]
[advanture.icu/betfin/wp-content/plugins/jeg-elementor-kit/lib/jeg-framework/assets/css/jeg-dynamic-styles6f3e.css]
[advanture.icu/betfin/wp-content/uploads/sites/41/elementor/css/post-4824085.css]
[advanture.icu/betfin/wp-content/plugins/metform/public/assets/css/metform-ui3fd0.css]
[advanture.icu/betfin/wp-json/oembed/1.0/embeddf39]
[advanture.icu/betfin/wp-content/plugins/metform/public/assets/css/style3fd0.css]
[advanture.icu/betfin/wp-content/plugins/elementor/assets/lib/animations/animations.min8864.css]
[advanture.icu/betfin/indexe2f2.html]
[advanture.icu/betfin/wp-content/plugins/jeg-elementor-kit/assets/img/letter-x.svg]
[advanture.icu/betfin/wp-content/plugins/elementor/assets/lib/eicons/fonts/eicons9506.svg]
[advanture.icu/betfin/wp-content/plugins/elementor/assets/lib/font-awesome/webfonts/fa-brands-400.woff]
[advanture.icu/betfin/wp-content/plugins/elementor/assets/lib/font-awesome/webfonts/fa-brands-400d41d.eot]
[advanture.icu/betfin/wp-content/plugins/elementor/assets/lib/font-awesome/webfonts/fa-brands-400.svg]
[advanture.icu/betfin/wp-content/plugins/jeg-elementor-kit/assets/fonts/jkiticon/jkiticon7107.svg]
[advanture.icu/betfin/wp-content/plugins/elementor/assets/lib/font-awesome/webfonts/fa-regular-400.svg]
[advanture.icu/betfin/wp-content/plugins/elementor/assets/lib/font-awesome/webfonts/fa-regular-400d41d.eot]
[advanture.icu/betfin/wp-content/plugins/elementor/assets/lib/font-awesome/webfonts/fa-regular-400.eot]
[advanture.icu/betfin/wp-content/plugins/elementor/assets/lib/font-awesome/webfonts/fa-brands-400.eot]
[advanture.icu/betfin/wp-content/plugins/elementor/assets/lib/font-awesome/webfonts/fa-solid-900.svg]
[advanture.icu/betfin/wp-content/plugins/elementskit-lite/widgets/init/assets/img/cross-out.svg]
[advanture.icu/betfin/wp-content/plugins/jeg-elementor-kit/assets/fonts/jkiticon/jkiticon7107.svg]
[advanture.icu/betfin/wp-content/uploads/sites/41/elementor/css/post-1262d5b6.css]
[advanture.icu/betfin/index7695.html]
[advanture.icu/betfin/wp-content/uploads/sites/41/elementor/css/post-12697d56.css]
[advanture.icu/betfin/index71f3.html]
[advanture.icu/betfin/wp-content/uploads/sites/41/elementor/css/post-1270549e.css]
[advanture.icu/betfin/index3662.html]
[advanture.icu/betfin/wp-content/uploads/sites/41/elementor/css/post-1503a5.css]
[advanture.icu/betfin/indexa1ca.html]
[advanture.icu/betfin/wp-content/uploads/sites/41/elementor/css/post-21431c.css]
[advanture.icu/betfin/index3965.html]
[advanture.icu/betfin/wp-content/uploads/sites/41/elementor/css/post-879e1b5.css]
[advanture.icu/betfin/index14d6.html]
[advanture.icu/betfin/wp-content/uploads/sites/41/elementor/css/post-30ad3e.css]
[advanture.icu/betfin/index5643.html]
[advanture.icu/betfin/wp-content/uploads/sites/41/elementor/css/post-6616089.css]
[advanture.icu/betfin/indexd4f5.html]
[advanture.icu/betfin/wp-content/uploads/sites/41/elementor/css/post-32e95e.css]
[advanture.icu/betfin/index6c46.html]
[advanture.icu/betfin/wp-content/uploads/sites/41/elementor/css/post-28c026.css]
[advanture.icu/betfin/index3c55.html]
[advanture.icu/betfin/2023/04/08/the-future-of-seo-what-to-expect-in-2023-and-beyond/feed/index.html]
[advanture.icu/betfin/wp-json/wp/v2/posts/657.json]
[advanture.icu/betfin/wp-json/oembed/1.0/embedd353.json]
[advanture.icu/betfin/2023/04/08/the-future-of-seo-what-to-expect-in-2023-and-beyond/index.html]
[advanture.icu/betfin/wp-json/oembed/1.0/embede87f]
[advanture.icu/betfin/wp-json/wp/v2/posts/655.json]
[advanture.icu/betfin/2023/04/08/the-importance-of-local-seo-for-small-businesses/feed/index.html]
[advanture.icu/betfin/wp-json/oembed/1.0/embeddf5c.json]
[advanture.icu/betfin/wp-json/oembed/1.0/embedb3f1]
[advanture.icu/betfin/2023/04/08/the-importance-of-local-seo-for-small-businesses/index.html]
[advanture.icu/betfin/wp-json/wp/v2/posts/643.json]
[advanture.icu/betfin/2023/04/08/10-easy-seo-tips-to-improve-your-websites-ranking/feed/index.html]
[advanture.icu/betfin/wp-json/oembed/1.0/embedc1f2.json]
[advanture.icu/betfin/2023/04/08/10-easy-seo-tips-to-improve-your-websites-ranking/index.html]
[advanture.icu/betfin/wp-content/uploads/sites/41/elementor/css/post-261b8e.css]
[advanture.icu/betfin/index88b9.html]
[advanture.icu/betfin/wp-json/oembed/1.0/embed9834]
[advanture.icu/betfin/wp-content/uploads/sites/41/elementor/css/post-8383775.css]
[advanture.icu/betfin/indexb1f0.html]
[advanture.icu/betfin/wp-json/metform/v1/entries/insert/482.json]
[advanture.icu/betfin/index2553.html]
[advanture.icu/betfin/index7d08.html]
[advanture.icu/betfin/indexef11.html]
[advanture.icu/betfin/indexb0f8.html]
